# JRE version: Java(TM) SE Runtime Environment (8.0_144-b01) (build 1.8.0_144-b01)
# Java VM: Java HotSpot(TM) 64-Bit Server VM (25.144-b01 mixed mode windows-amd64 compressed oops)
Heap:
 PSYoungGen      total 207872K, used 165808K [0x00000000d6f00000, 0x00000000e6200000, 0x0000000100000000)
  eden space 188928K, 87% used [0x00000000d6f00000,0x00000000e10ec190,0x00000000e2780000)
  from space 18944K, 0% used [0x00000000e3d00000,0x00000000e3d00000,0x00000000e4f80000)
  to   space 22016K, 0% used [0x00000000e2780000,0x00000000e2780000,0x00000000e3d00000)
 ParOldGen       total 119296K, used 36047K [0x0000000084c00000, 0x000000008c080000, 0x00000000d6f00000)
  object space 119296K, 30% used [0x0000000084c00000,0x0000000086f33c80,0x000000008c080000)
 Metaspace       used 45683K, capacity 46452K, committed 46720K, reserved 1089536K
  class space    used 5687K, capacity 5917K, committed 6016K, reserved 1048576K
GC Heap History (10 events):
Event: 4.799 GC heap before
{Heap before GC invocations=6 (full 0):
 PSYoungGen      total 68608K, used 59515K [0x00000000d6f00000, 0x00000000e0300000, 0x0000000100000000)
  eden space 63488K, 85% used [0x00000000d6f00000,0x00000000da426f20,0x00000000dad00000)
  from space 5120K, 99% used [0x00000000dad00000,0x00000000db1f8020,0x00000000db200000)
  to   space 12288K, 0% used [0x00000000df700000,0x00000000df700000,0x00000000e0300000)
 ParOldGen       total 84992K, used 14317K [0x0000000084c00000, 0x0000000089f00000, 0x00000000d6f00000)
  object space 84992K, 16% used [0x0000000084c00000,0x00000000859fb580,0x0000000089f00000)
 Metaspace       used 20683K, capacity 21128K, committed 21296K, reserved 1069056K
  class space    used 2494K, capacity 2610K, committed 2688K, reserved 1048576K
Event: 4.815 GC heap after
Heap after GC invocations=6 (full 0):
 PSYoungGen      total 139264K, used 8855K [0x00000000d6f00000, 0x00000000e0300000, 0x0000000100000000)
  eden space 126976K, 0% used [0x00000000d6f00000,0x00000000d6f00000,0x00000000deb00000)
  from space 12288K, 72% used [0x00000000df700000,0x00000000dffa5c90,0x00000000e0300000)
  to   space 12288K, 0% used [0x00000000deb00000,0x00000000deb00000,0x00000000df700000)
 ParOldGen       total 84992K, used 14325K [0x0000000084c00000, 0x0000000089f00000, 0x00000000d6f00000)
  object space 84992K, 16% used [0x0000000084c00000,0x00000000859fd580,0x0000000089f00000)
 Metaspace       used 20683K, capacity 21128K, committed 21296K, reserved 1069056K
  class space    used 2494K, capacity 2610K, committed 2688K, reserved 1048576K
}
Event: 4.815 GC heap before
{Heap before GC invocations=7 (full 1):
 PSYoungGen      total 139264K, used 8855K [0x00000000d6f00000, 0x00000000e0300000, 0x0000000100000000)
  eden space 126976K, 0% used [0x00000000d6f00000,0x00000000d6f00000,0x00000000deb00000)
  from space 12288K, 72% used [0x00000000df700000,0x00000000dffa5c90,0x00000000e0300000)
  to   space 12288K, 0% used [0x00000000deb00000,0x00000000deb00000,0x00000000df700000)
 ParOldGen       total 84992K, used 14325K [0x0000000084c00000, 0x0000000089f00000, 0x00000000d6f00000)
  object space 84992K, 16% used [0x0000000084c00000,0x00000000859fd580,0x0000000089f00000)
 Metaspace       used 20683K, capacity 21128K, committed 21296K, reserved 1069056K
  class space    used 2494K, capacity 2610K, committed 2688K, reserved 1048576K
Event: 4.901 GC heap after
Heap after GC invocations=7 (full 1):
 PSYoungGen      total 139264K, used 0K [0x00000000d6f00000, 0x00000000e0300000, 0x0000000100000000)
  eden space 126976K, 0% used [0x00000000d6f00000,0x00000000d6f00000,0x00000000deb00000)
  from space 12288K, 0% used [0x00000000df700000,0x00000000df700000,0x00000000e0300000)
  to   space 12288K, 0% used [0x00000000deb00000,0x00000000deb00000,0x00000000df700000)
 ParOldGen       total 71680K, used 17723K [0x0000000084c00000, 0x0000000089200000, 0x00000000d6f00000)
  object space 71680K, 24% used [0x0000000084c00000,0x0000000085d4edf0,0x0000000089200000)
 Metaspace       used 20683K, capacity 21128K, committed 21296K, reserved 1069056K
  class space    used 2494K, capacity 2610K, committed 2688K, reserved 1048576K
}
Event: 7.186 GC heap before
{Heap before GC invocations=8 (full 1):
 PSYoungGen      total 139264K, used 126976K [0x00000000d6f00000, 0x00000000e0300000, 0x0000000100000000)
  eden space 126976K, 100% used [0x00000000d6f00000,0x00000000deb00000,0x00000000deb00000)
  from space 12288K, 0% used [0x00000000df700000,0x00000000df700000,0x00000000e0300000)
  to   space 12288K, 0% used [0x00000000deb00000,0x00000000deb00000,0x00000000df700000)
 ParOldGen       total 71680K, used 17723K [0x0000000084c00000, 0x0000000089200000, 0x00000000d6f00000)
  object space 71680K, 24% used [0x0000000084c00000,0x0000000085d4edf0,0x0000000089200000)
 Metaspace       used 29072K, capacity 29608K, committed 29696K, reserved 1075200K
  class space    used 3627K, capacity 3792K, committed 3840K, reserved 1048576K
Event: 7.218 GC heap after
Heap after GC invocations=8 (full 1):
 PSYoungGen      total 139264K, used 12259K [0x00000000d6f00000, 0x00000000e4f80000, 0x0000000100000000)
  eden space 126976K, 0% used [0x00000000d6f00000,0x00000000d6f00000,0x00000000deb00000)
  from space 12288K, 99% used [0x00000000deb00000,0x00000000df6f8ce0,0x00000000df700000)
  to   space 18944K, 0% used [0x00000000e3d00000,0x00000000e3d00000,0x00000000e4f80000)
 ParOldGen       total 71680K, used 28578K [0x0000000084c00000, 0x0000000089200000, 0x00000000d6f00000)
  object space 71680K, 39% used [0x0000000084c00000,0x00000000867e8918,0x0000000089200000)
 Metaspace       used 29072K, capacity 29608K, committed 29696K, reserved 1075200K
  class space    used 3627K, capacity 3792K, committed 3840K, reserved 1048576K
}
Event: 7.938 GC heap before
{Heap before GC invocations=9 (full 1):
 PSYoungGen      total 139264K, used 61774K [0x00000000d6f00000, 0x00000000e4f80000, 0x0000000100000000)
  eden space 126976K, 38% used [0x00000000d6f00000,0x00000000d9f5ac98,0x00000000deb00000)
  from space 12288K, 99% used [0x00000000deb00000,0x00000000df6f8ce0,0x00000000df700000)
  to   space 18944K, 0% used [0x00000000e3d00000,0x00000000e3d00000,0x00000000e4f80000)
 ParOldGen       total 71680K, used 28578K [0x0000000084c00000, 0x0000000089200000, 0x00000000d6f00000)
  object space 71680K, 39% used [0x0000000084c00000,0x00000000867e8918,0x0000000089200000)
 Metaspace       used 34813K, capacity 35374K, committed 35456K, reserved 1081344K
  class space    used 4291K, capacity 4465K, committed 4480K, reserved 1048576K
Event: 7.981 GC heap after
Heap after GC invocations=9 (full 1):
 PSYoungGen      total 207872K, used 18805K [0x00000000d6f00000, 0x00000000e6200000, 0x0000000100000000)
  eden space 188928K, 0% used [0x00000000d6f00000,0x00000000d6f00000,0x00000000e2780000)
  from space 18944K, 99% used [0x00000000e3d00000,0x00000000e4f5d660,0x00000000e4f80000)
  to   space 22016K, 0% used [0x00000000e2780000,0x00000000e2780000,0x00000000e3d00000)
 ParOldGen       total 71680K, used 28586K [0x0000000084c00000, 0x0000000089200000, 0x00000000d6f00000)
  object space 71680K, 39% used [0x0000000084c00000,0x00000000867ea918,0x0000000089200000)
 Metaspace       used 34813K, capacity 35374K, committed 35456K, reserved 1081344K
  class space    used 4291K, capacity 4465K, committed 4480K, reserved 1048576K
}
Event: 7.981 GC heap before
{Heap before GC invocations=10 (full 2):
 PSYoungGen      total 207872K, used 18805K [0x00000000d6f00000, 0x00000000e6200000, 0x0000000100000000)
  eden space 188928K, 0% used [0x00000000d6f00000,0x00000000d6f00000,0x00000000e2780000)
  from space 18944K, 99% used [0x00000000e3d00000,0x00000000e4f5d660,0x00000000e4f80000)
  to   space 22016K, 0% used [0x00000000e2780000,0x00000000e2780000,0x00000000e3d00000)
 ParOldGen       total 71680K, used 28586K [0x0000000084c00000, 0x0000000089200000, 0x00000000d6f00000)
  object space 71680K, 39% used [0x0000000084c00000,0x00000000867ea918,0x0000000089200000)
 Metaspace       used 34813K, capacity 35374K, committed 35456K, reserved 1081344K
  class space    used 4291K, capacity 4465K, committed 4480K, reserved 1048576K
Event: 8.131 GC heap after
Heap after GC invocations=10 (full 2):
 PSYoungGen      total 207872K, used 0K [0x00000000d6f00000, 0x00000000e6200000, 0x0000000100000000)
  eden space 188928K, 0% used [0x00000000d6f00000,0x00000000d6f00000,0x00000000e2780000)
  from space 18944K, 0% used [0x00000000e3d00000,0x00000000e3d00000,0x00000000e4f80000)
  to   space 22016K, 0% used [0x00000000e2780000,0x00000000e2780000,0x00000000e3d00000)
 ParOldGen       total 119296K, used 36047K [0x0000000084c00000, 0x000000008c080000, 0x00000000d6f00000)
  object space 119296K, 30% used [0x0000000084c00000,0x0000000086f33c80,0x000000008c080000)
 Metaspace       used 34813K, capacity 35374K, committed 35456K, reserved 1081344K
  class space    used 4291K, capacity 4465K, committed 4480K, reserved 1048576K
}

